Arguments: 
  /home/robert/.nvm/versions/node/v16.14.0/bin/node /mnt/d/Programy/nodejs/node_modules/yarn/bin/yarn.js add @fortawesome/fontawesome-free

PATH: 
  /home/robert/.nvm/versions/node/v16.14.0/bin:/usr/local/sbin:/usr/local/bin:/usr/sbin:/usr/bin:/sbin:/bin:/usr/games:/usr/local/games:/usr/lib/wsl/lib:/mnt/d/Programy/Python310/Scripts/:/mnt/d/Programy/Python310/:/mnt/c/Program Files (x86)/Common Files/Intel/Shared Libraries/redist/intel64_win/compiler:/mnt/c/WINDOWS/system32:/mnt/c/WINDOWS:/mnt/c/WINDOWS/System32/Wbem:/mnt/c/WINDOWS/System32/WindowsPowerShell/v1.0/:/mnt/c/WINDOWS/System32/OpenSSH/:/mnt/c/Program Files/dotnet/:/mnt/c/Program Files/Microsoft SQL Server/130/Tools/Binn/:/mnt/d/Programy/wamp64/bin/php/php7.3.21:/mnt/d/Programy/wamp64/bin/php/php7.4.9:/mnt/d/Programy/wamp64/bin/mysql/mysql8.0.21/bin:/mnt/d/Programy/Git/cmd:/mnt/c/Program Files/OpenJDK/openjdk-8u302-b08/bin:/mnt/d/Programy/nvm:/mnt/d/Programy/nodejs:/mnt/d/Programy/PowerShell/7/:/mnt/d/Programy/Microsoft VS Code/bin:/mnt/d/Programy/nvm:/mnt/d/Programy/nodejs:/mnt/d/Programy/JetBrains/PyCharm Community Edition 2021.3/bin:/mnt/c/Users/Robert Mizianty/AppData/Local/Microsoft/WindowsApps:/snap/bin

Yarn version: 
  1.22.17

Node version: 
  16.14.0

Platform: 
  linux x64

Trace: 
  Error: getaddrinfo EAI_AGAIN npm.fontawesome.com
      at GetAddrInfoReqWrap.onlookup [as oncomplete] (node:dns:71:26)

npm manifest: 
  {
    "name": "rock_paper_scissors",
    "version": "1.0.0",
    "description": "Simple rock scissors paper app",
    "main": "index.html",
    "author": "Robert Mizianty",
    "license": "MIT"
  }

yarn manifest: 
  No manifest

Lockfile: 
  No lockfile
